<?xml version="1.0" encoding="UTF-8"?>
<!-- Generated by org.testng.reporters.JUnitReportReporter -->
<testsuite hostname="Kapil-MSI" failures="0" tests="1" name="AssurantExample.TestComponents.Standalonetest" time="15.163" errors="0" timestamp="2024-07-14T21:26:24 IST" skipped="0">
  <testcase classname="AssurantExample.TestComponents.Standalonetest" name="SubmitOrder" time="15.163"/>
</testsuite> <!-- AssurantExample.TestComponents.Standalonetest -->
