<?xml version="1.0" encoding="UTF-8"?>
<!-- Generated by org.testng.reporters.JUnitReportReporter -->
<testsuite hostname="Kapil-MSI" failures="0" tests="1" name="Cucumber.TestNGTestRunner" time="6.499" errors="0" timestamp="2024-09-20T10:16:00 IST" skipped="0">
  <testcase classname="Cucumber.TestNGTestRunner" name="runScenario" time="6.499"/>
</testsuite> <!-- Cucumber.TestNGTestRunner -->
